<?xml version="1.0" encoding="UTF-8" ?>
<testsuite tests="22" failures="2" name="com.vooc.TestRunner.TestRunner" time="0.045" errors="0" skipped="0">
  <properties>
    <property name="java.runtime.name" value="Java(TM) SE Runtime Environment"/>
    <property name="sun.boot.library.path" value="C:\Program Files\Java\jdk1.8.0_201\jre\bin"/>
    <property name="java.vm.version" value="25.201-b09"/>
    <property name="java.vm.vendor" value="Oracle Corporation"/>
    <property name="maven.multiModuleProjectDirectory" value="C:\Users\Admin\eclipse-workspace\VoocAutomationFW"/>
    <property name="java.vendor.url" value="http://java.oracle.com/"/>
    <property name="path.separator" value=";"/>
    <property name="guice.disable.misplaced.annotation.check" value="true"/>
    <property name="java.vm.name" value="Java HotSpot(TM) 64-Bit Server VM"/>
    <property name="file.encoding.pkg" value="sun.io"/>
    <property name="user.script" value=""/>
    <property name="user.country" value="US"/>
    <property name="sun.java.launcher" value="SUN_STANDARD"/>
    <property name="sun.os.patch.level" value=""/>
    <property name="java.vm.specification.name" value="Java Virtual Machine Specification"/>
    <property name="user.dir" value="C:\Users\Admin\eclipse-workspace\VoocAutomationFW"/>
    <property name="java.runtime.version" value="1.8.0_201-b09"/>
    <property name="java.awt.graphicsenv" value="sun.awt.Win32GraphicsEnvironment"/>
    <property name="java.endorsed.dirs" value="C:\Program Files\Java\jdk1.8.0_201\jre\lib\endorsed"/>
    <property name="os.arch" value="amd64"/>
    <property name="java.io.tmpdir" value="C:\Users\Admin\AppData\Local\Temp\"/>
    <property name="line.separator" value="
"/>
    <property name="java.vm.specification.vendor" value="Oracle Corporation"/>
    <property name="user.variant" value=""/>
    <property name="os.name" value="Windows 10"/>
    <property name="classworlds.conf" value="C:\apache-maven-3.6.2\bin\..\bin\m2.conf"/>
    <property name="sun.jnu.encoding" value="Cp1252"/>
    <property name="java.library.path" value="C:\Program Files\Java\jdk1.8.0_201\bin;C:\Windows\Sun\Java\bin;C:\Windows\system32;C:\Windows;C:\ProgramData\DockerDesktop\version-bin;C:\Program Files\Docker\Docker\Resources\bin;C:\Program Files (x86)\Common Files\Oracle\Java\javapath;C:\Windows\system32;C:\Windows;C:\Windows\System32\Wbem;C:\Windows\System32\WindowsPowerShell\v1.0\;C:\Program Files\Git\cmd;C:\Program Files\dotnet\;C:\Program Files\Microsoft SQL Server\130\Tools\Binn\;C:\Program Files\nodejs\;C:\Program Files\Java\jdk1.8.0_201\bin\;C:\Users\Admin\AppData\Local\Android\Sdk\tools\;C:\Users\Admin\AppData\Local\Android\Sdk\;C:\Program Files (x86)\Yarn\bin\;E:\Selenium\Chrome\chromedriver.exe;C:\apache-maven-3.6.2\bin;C:\Users\Admin\AppData\Local\Android\Sdk\tools\bin\;C:\Users\Admin\AppData\Local\Android\Sdk\platform-tools\;C:\Users\Admin\AppData\Local\Android\Sdk\platform\;C:\Users\Admin\AppData\Local\Microsoft\WindowsApps;C:\Users\Admin\AppData\Local\Programs\Microsoft VS Code\bin;C:\Users\Admin\AppData\Roaming\npm;C:\Users\Admin\AppData\Local\Yarn\bin;."/>
    <property name="maven.conf" value="C:\apache-maven-3.6.2\bin\../conf"/>
    <property name="java.specification.name" value="Java Platform API Specification"/>
    <property name="java.class.version" value="52.0"/>
    <property name="sun.management.compiler" value="HotSpot 64-Bit Tiered Compilers"/>
    <property name="maven.test.failure.ignore" value="true"/>
    <property name="os.version" value="10.0"/>
    <property name="library.jansi.path" value="C:\apache-maven-3.6.2\bin\..\lib\jansi-native"/>
    <property name="user.home" value="C:\Users\Admin"/>
    <property name="user.timezone" value="Asia/Bangkok"/>
    <property name="java.awt.printerjob" value="sun.awt.windows.WPrinterJob"/>
    <property name="java.specification.version" value="1.8"/>
    <property name="file.encoding" value="Cp1252"/>
    <property name="user.name" value="Admin"/>
    <property name="java.class.path" value="C:\apache-maven-3.6.2\bin\..\boot\plexus-classworlds-2.6.0.jar"/>
    <property name="java.vm.specification.version" value="1.8"/>
    <property name="sun.arch.data.model" value="64"/>
    <property name="java.home" value="C:\Program Files\Java\jdk1.8.0_201\jre"/>
    <property name="sun.java.command" value="org.codehaus.plexus.classworlds.launcher.Launcher -Dmaven.test.failure.ignore=true test"/>
    <property name="java.specification.vendor" value="Oracle Corporation"/>
    <property name="user.language" value="en"/>
    <property name="awt.toolkit" value="sun.awt.windows.WToolkit"/>
    <property name="java.vm.info" value="mixed mode"/>
    <property name="java.version" value="1.8.0_201"/>
    <property name="java.ext.dirs" value="C:\Program Files\Java\jdk1.8.0_201\jre\lib\ext;C:\Windows\Sun\Java\lib\ext"/>
    <property name="sun.boot.class.path" value="C:\Program Files\Java\jdk1.8.0_201\jre\lib\resources.jar;C:\Program Files\Java\jdk1.8.0_201\jre\lib\rt.jar;C:\Program Files\Java\jdk1.8.0_201\jre\lib\sunrsasign.jar;C:\Program Files\Java\jdk1.8.0_201\jre\lib\jsse.jar;C:\Program Files\Java\jdk1.8.0_201\jre\lib\jce.jar;C:\Program Files\Java\jdk1.8.0_201\jre\lib\charsets.jar;C:\Program Files\Java\jdk1.8.0_201\jre\lib\jfr.jar;C:\Program Files\Java\jdk1.8.0_201\jre\classes"/>
    <property name="java.vendor" value="Oracle Corporation"/>
    <property name="maven.home" value="C:\apache-maven-3.6.2\bin\.."/>
    <property name="file.separator" value="\"/>
    <property name="java.vendor.url.bug" value="http://bugreport.sun.com/bugreport/"/>
    <property name="sun.cpu.endian" value="little"/>
    <property name="sun.io.unicode.encoding" value="UnicodeLittle"/>
    <property name="sun.desktop" value="windows"/>
    <property name="sun.cpu.isalist" value="amd64"/>
  </properties>
  <testcase classname="Scenario: /accounts/login/" name="Given Execute call &quot;POST&quot; APi with uri: &quot;/accounts/login/&quot;" time="0.005"/>
  <testcase classname="Scenario: /accounts/login/" name="Given Execute check status &quot;200&quot; response is true" time="0"/>
  <testcase classname="Scenario: /accounts/login/" name="Given Execute check header response as below" time="0"/>
  <testcase classname="Scenario: /accounts/login/" name="Given Execute check body response with &quot;profile&quot; key as below" time="0"/>
  <testcase classname="Scenario: /accounts/login/" name="Scenario: /accounts/login/" time="0.015"/>
  <testcase classname="Scenario: /profile/user/" name="Given Execute call &quot;GET&quot; method with uri: &quot;/profile/user/&quot; and token" time="0"/>
  <testcase classname="Scenario: /profile/user/" name="Given Execute check status &quot;200&quot; response is true" time="0"/>
  <testcase classname="Scenario: /profile/user/" name="Given Execute check header response as below" time="0"/>
  <testcase classname="Scenario: /profile/user/" name="Given Execute check body response with &quot;Not Yet&quot; key as below" time="0"/>
  <testcase classname="Scenario: /profile/user/" name="Scenario: /profile/user/" time="0.007"/>
  <testcase classname="Scenario: /personal/package/info/" name="Given Execute call &quot;GET&quot; method with uri: &quot;/personal/package/info/&quot; and token" time="0.001"/>
  <testcase classname="Scenario: /personal/package/info/" name="Given Execute check status &quot;200&quot; response is true" time="0"/>
  <testcase classname="Scenario: /personal/package/info/" name="Given Execute check header response as below" time="0"/>
  <testcase classname="Scenario: /personal/package/info/" name="Given Execute check body response with &quot;Not Yet&quot; key as below" time="0"/>
  <testcase classname="Scenario: /personal/package/info/" name="Given Execute check body response with &quot;time_package&quot; key as below" time="0.005">
    <failure type="java.lang.AssertionError">java.lang.AssertionError
	at org.junit.Assert.fail(Assert.java:86)
	at org.junit.Assert.assertTrue(Assert.java:41)
	at org.junit.Assert.assertTrue(Assert.java:52)
	at com.vooc.Pages.CommonApi.CheckContentResponse(CommonApi.java:125)
	at com.vooc.StepDefinition.CommonApiSteps.ExecuteCheckContentResponse(CommonApiSteps.java:41)
	at ✽.Given Execute check body response with &quot;time_package&quot; key as below(APiCheck.feature:33)
</failure>
    <system-out>Body Response actual: Gói c? b?n
Body Response expected: Gói c? b?n
Body Response actual: 699000
Body Response expected: 619000
</system-out>
  </testcase>
  <testcase classname="Scenario: /personal/package/info/" name="Scenario: /personal/package/info/" time="0.005">
    <failure type="java.lang.AssertionError">java.lang.AssertionError
	at org.junit.Assert.fail(Assert.java:86)
	at org.junit.Assert.assertTrue(Assert.java:41)
	at org.junit.Assert.assertTrue(Assert.java:52)
	at com.vooc.Pages.CommonApi.CheckContentResponse(CommonApi.java:125)
	at com.vooc.StepDefinition.CommonApiSteps.ExecuteCheckContentResponse(CommonApiSteps.java:41)
	at ✽.Given Execute check body response with &quot;time_package&quot; key as below(APiCheck.feature:33)
</failure>
  </testcase>
  <testcase classname="Scenario: /personal/info/" name="Given Execute call POST method with uri: &quot;/personal/info/&quot; have params below" time="0"/>
  <testcase classname="Scenario: /personal/info/" name="Given Execute check status &quot;200&quot; response is true" time="0"/>
  <testcase classname="Scenario: /personal/info/" name="Given Execute check header response as below" time="0"/>
  <testcase classname="Scenario: /personal/info/" name="Given Execute check body response with &quot;personal&quot; key as below" time="0"/>
  <testcase classname="Scenario: /personal/info/" name="Given Execute check body response with &quot;kid&quot; key as below" time="0"/>
  <testcase classname="Scenario: /personal/info/" name="Scenario: /personal/info/" time="0.007"/>
</testsuite>